<?xml version="1.0" encoding="UTF-8"?>
<!-- Generated by org.testng.reporters.JUnitReportReporter -->
<testsuite hostname="vaish" failures="0" tests="3" name="com.naveenAutomationPageTest.AccountPageTest" time="28.383" errors="0" timestamp="2023-11-19T14:00:24 EST" skipped="0">
  <testcase classname="com.naveenAutomationPageTest.AccountPageTest" name="validateUserCanUpdateNewsLetterSubscription" time="11.021"/>
  <system-out/>
  <testcase classname="com.naveenAutomationPageTest.AccountPageTest" name="validateUserCanChangePassword" time="7.890"/>
  <system-out/>
  <testcase classname="com.naveenAutomationPageTest.AccountPageTest" name="validateUserCanEditPersonalInfo" time="9.472"/>
  <system-out/>
</testsuite> <!-- com.naveenAutomationPageTest.AccountPageTest -->
