<?xml version="1.0" encoding="UTF-8"?>
<!-- Generated by org.testng.reporters.JUnitReportReporter -->
<testsuite hostname="vaish" failures="0" tests="1" name="com.naveenAutomationPageTest.LogoutPageTest" time="8.298" errors="0" timestamp="2023-11-19T14:00:24 EST" skipped="0">
  <testcase classname="com.naveenAutomationPageTest.LogoutPageTest" name="validateUserCanLogoutsafely" time="8.298"/>
  <system-out/>
</testsuite> <!-- com.naveenAutomationPageTest.LogoutPageTest -->
