<?xml version="1.0" encoding="UTF-8"?>
<!-- Generated by org.testng.reporters.JUnitReportReporter -->
<testsuite hostname="vaish" failures="0" tests="1" name="com.naveenAutomationPageTest.ViewProductReturnsPageTest" time="7.277" errors="0" timestamp="2023-11-19T14:00:24 EST" skipped="0">
  <testcase classname="com.naveenAutomationPageTest.ViewProductReturnsPageTest" name="validateUserIsInViewProductReturnsPage" time="7.277"/>
  <system-out/>
</testsuite> <!-- com.naveenAutomationPageTest.ViewProductReturnsPageTest -->
