<?xml version="1.0" encoding="UTF-8"?>
<!-- Generated by org.testng.reporters.JUnitReportReporter -->
<testsuite hostname="vaish" failures="0" tests="11" name="com.naveenAutomationPageTest.RegisterAccountPageTest" time="92.484" errors="1" timestamp="2023-11-19T14:00:24 EST" skipped="0">
  <testcase classname="com.naveenAutomationPageTest.RegisterAccountPageTest" name="validateUserCanNotEnterInvalidLastName" time="9.705"/>
  <system-out/>
  <testcase classname="com.naveenAutomationPageTest.RegisterAccountPageTest" name="validateUserCanNotSkipConfirmPassword" time="7.792"/>
  <system-out/>
  <testcase classname="com.naveenAutomationPageTest.RegisterAccountPageTest" name="validateUserCanNotEnterInvalidFirstName" time="7.494"/>
  <system-out/>
  <testcase classname="com.naveenAutomationPageTest.RegisterAccountPageTest" name="validateUserCanNotSkipLastName" time="10.771"/>
  <system-out/>
  <testcase classname="com.naveenAutomationPageTest.RegisterAccountPageTest" name="validateUserNavigatedToRegisterAccount" time="6.189"/>
  <system-out/>
  <testcase classname="com.naveenAutomationPageTest.RegisterAccountPageTest" name="validateUserCheckEDPrivacyPolicyCheckBox" time="7.277"/>
  <system-out/>
  <testcase classname="com.naveenAutomationPageTest.RegisterAccountPageTest" name="validateUserCanNotSkipEmail" time="7.057"/>
  <system-out/>
  <testcase classname="com.naveenAutomationPageTest.RegisterAccountPageTest" name="validateUserCanNotSkipPassword" time="8.057"/>
  <system-out/>
  <testcase classname="com.naveenAutomationPageTest.RegisterAccountPageTest" name="validateUserCanNotSkipFirstName" time="8.544"/>
  <system-out/>
  <testcase classname="com.naveenAutomationPageTest.RegisterAccountPageTest" name="validateUserIsAbleToRegisterWithValidInfo" time="8.141">
    <error type="java.lang.Error">
      <![CDATA[java.lang.Error
at com.naveenautomation.pages.RegistrationSuccessPage.isLoaded(RegistrationSuccessPage.java:31)
at com.naveenautomation.pages.Page.waitForPageToLoad(Page.java:25)
at com.naveenautomation.pages.Page.<init>(Page.java:11)
at com.naveenautomation.pages.RegistrationSuccessPage.<init>(RegistrationSuccessPage.java:12)
at com.naveenautomation.pages.RegisterAccountPage.clickSubmitBtn(RegisterAccountPage.java:67)
at com.naveenAutomationPageTest.RegisterAccountPageTest.validateUserIsAbleToRegisterWithValidInfo(RegisterAccountPageTest.java:200)
at java.base/jdk.internal.reflect.NativeMethodAccessorImpl.invoke0(Native Method)
at java.base/jdk.internal.reflect.NativeMethodAccessorImpl.invoke(NativeMethodAccessorImpl.java:77)
at java.base/jdk.internal.reflect.DelegatingMethodAccessorImpl.invoke(DelegatingMethodAccessorImpl.java:43)
at java.base/java.lang.reflect.Method.invoke(Method.java:568)
at org.testng.internal.MethodInvocationHelper.invokeMethod(MethodInvocationHelper.java:132)
at org.testng.internal.TestInvoker.invokeMethod(TestInvoker.java:599)
at org.testng.internal.TestInvoker.invokeTestMethod(TestInvoker.java:174)
at org.testng.internal.MethodRunner.runInSequence(MethodRunner.java:46)
at org.testng.internal.TestInvoker$MethodInvocationAgent.invoke(TestInvoker.java:822)
at org.testng.internal.TestInvoker.invokeTestMethods(TestInvoker.java:147)
at org.testng.internal.TestMethodWorker.invokeTestMethods(TestMethodWorker.java:146)
at org.testng.internal.TestMethodWorker.run(TestMethodWorker.java:128)
at java.base/java.util.ArrayList.forEach(ArrayList.java:1511)
at org.testng.TestRunner.privateRun(TestRunner.java:764)
at org.testng.TestRunner.run(TestRunner.java:585)
at org.testng.SuiteRunner.runTest(SuiteRunner.java:384)
at org.testng.SuiteRunner.runSequentially(SuiteRunner.java:378)
at org.testng.SuiteRunner.privateRun(SuiteRunner.java:337)
at org.testng.SuiteRunner.run(SuiteRunner.java:286)
at org.testng.SuiteRunnerWorker.runSuite(SuiteRunnerWorker.java:53)
at org.testng.SuiteRunnerWorker.run(SuiteRunnerWorker.java:96)
at org.testng.TestNG.runSuitesSequentially(TestNG.java:1218)
at org.testng.TestNG.runSuitesLocally(TestNG.java:1140)
at org.testng.TestNG.runSuites(TestNG.java:1069)
at org.testng.TestNG.run(TestNG.java:1037)
at org.apache.maven.surefire.testng.TestNGExecutor.run(TestNGExecutor.java:135)
at org.apache.maven.surefire.testng.TestNGDirectoryTestSuite.executeMulti(TestNGDirectoryTestSuite.java:193)
at org.apache.maven.surefire.testng.TestNGDirectoryTestSuite.execute(TestNGDirectoryTestSuite.java:94)
at org.apache.maven.surefire.testng.TestNGProvider.invoke(TestNGProvider.java:146)
at org.apache.maven.surefire.booter.ForkedBooter.invokeProviderInSameClassLoader(ForkedBooter.java:384)
at org.apache.maven.surefire.booter.ForkedBooter.runSuitesInProcess(ForkedBooter.java:345)
at org.apache.maven.surefire.booter.ForkedBooter.execute(ForkedBooter.java:126)
at org.apache.maven.surefire.booter.ForkedBooter.main(ForkedBooter.java:418)
]]>
    </error>
  </testcase> <!-- validateUserIsAbleToRegisterWithValidInfo -->
  <system-out/>
  <testcase classname="com.naveenAutomationPageTest.RegisterAccountPageTest" name="validateUserCanNotEnterInvalidTelephone" time="11.457"/>
  <system-out/>
</testsuite> <!-- com.naveenAutomationPageTest.RegisterAccountPageTest -->
