<?xml version="1.0" encoding="UTF-8"?>
<!-- Generated by org.testng.reporters.JUnitReportReporter -->
<testsuite hostname="vaish" failures="0" tests="1" name="com.naveenAutomationPageTest.WishListPageTest" time="7.042" errors="0" timestamp="2023-11-19T14:00:24 EST" skipped="0">
  <testcase classname="com.naveenAutomationPageTest.WishListPageTest" name="validateUserIsInWishListPage" time="7.042"/>
  <system-out/>
</testsuite> <!-- com.naveenAutomationPageTest.WishListPageTest -->
