<?xml version="1.0" encoding="UTF-8"?>
<!-- Generated by org.testng.reporters.JUnitReportReporter -->
<testsuite hostname="vaish" failures="0" tests="2" name="com.naveenAutomationPageTest.ForgottenPasswordPageTest" time="12.967" errors="0" timestamp="2023-11-19T14:00:24 EST" skipped="0">
  <testcase classname="com.naveenAutomationPageTest.ForgottenPasswordPageTest" name="validateUserWillGetConfirmationLinkUsingValidEmail" time="6.396"/>
  <system-out/>
  <testcase classname="com.naveenAutomationPageTest.ForgottenPasswordPageTest" name="validateUserWillNotGetConfirmationLinkUsingInvalidEmail" time="6.571"/>
  <system-out/>
</testsuite> <!-- com.naveenAutomationPageTest.ForgottenPasswordPageTest -->
